<?xml version="1.0" encoding="UTF-8"?>
<testng-results skipped="0" failed="0" total="1" passed="1">
  <reporter-output>
  </reporter-output>
  <suite name="QBE Form Tests" duration-ms="24829" started-at="2018-08-29T01:47:19Z" finished-at="2018-08-29T01:47:44Z">
    <groups>
    </groups>
    <test name="Smoke Tests" duration-ms="24829" started-at="2018-08-29T01:47:19Z" finished-at="2018-08-29T01:47:44Z">
      <class name="com.cognizant.qbe.SmokeTests.VehicleQuoteTests">
        <test-method status="PASS" signature="beforeTest()[pri:0, instance:com.cognizant.qbe.SmokeTests.VehicleQuoteTests@6767c1fc]" name="beforeTest" is-config="true" duration-ms="1821" started-at="2018-08-29T11:47:19Z" finished-at="2018-08-29T11:47:21Z">
          <reporter-output>
          </reporter-output>
        </test-method> <!-- beforeTest -->
        <test-method status="PASS" signature="beforeMethod(java.lang.reflect.Method)[pri:0, instance:com.cognizant.qbe.SmokeTests.VehicleQuoteTests@6767c1fc]" name="beforeMethod" is-config="true" duration-ms="11708" started-at="2018-08-29T11:47:21Z" finished-at="2018-08-29T11:47:33Z">
          <params>
            <param index="0">
              <value>
                <![CDATA[public void com.cognizant.qbe.SmokeTests.VehicleQuoteTests.form_submitted_with_empty_fields() throws java.lang.InterruptedException]]>
              </value>
            </param>
          </params>
          <reporter-output>
          </reporter-output>
        </test-method> <!-- beforeMethod -->
        <test-method status="PASS" signature="form_submitted_with_empty_fields()[pri:0, instance:com.cognizant.qbe.SmokeTests.VehicleQuoteTests@6767c1fc]" name="form_submitted_with_empty_fields" duration-ms="11208" started-at="2018-08-29T11:47:33Z" finished-at="2018-08-29T11:47:44Z">
          <reporter-output>
          </reporter-output>
        </test-method> <!-- form_submitted_with_empty_fields -->
        <test-method status="PASS" signature="afterMethod()[pri:0, instance:com.cognizant.qbe.SmokeTests.VehicleQuoteTests@6767c1fc]" name="afterMethod" is-config="true" duration-ms="0" started-at="2018-08-29T11:47:44Z" finished-at="2018-08-29T11:47:44Z">
          <reporter-output>
          </reporter-output>
        </test-method> <!-- afterMethod -->
      </class> <!-- com.cognizant.qbe.SmokeTests.VehicleQuoteTests -->
    </test> <!-- Smoke Tests -->
  </suite> <!-- QBE Form Tests -->
</testng-results>
